<?xml version="1.0" encoding="UTF-8"?>
<!-- Generated by org.testng.reporters.JUnitReportReporter -->
<testsuite hostname="DESKTOP-PVBHUTH" failures="0" tests="13" name="com.telus.testcases.EndToEndTestFlow" time="43.101" errors="0" timestamp="2023-04-19T13:42:58 IST" skipped="0">
  <testcase classname="com.telus.testcases.EndToEndTestFlow" name="logoPageValidation" time="3.075"/>
  <system-out/>
  <testcase classname="com.telus.testcases.EndToEndTestFlow" name="customerLogin1" time="5.497"/>
  <system-out>
    <![CDATA[Create account link is clicked successfully
CreteAccount button is not Selected successfully
CreteAccount button is enabled successfully
CreteAccount button is clicked
FirstNameError Msg is displayed successfully
Actual and Expected title is same
The FirstNameError Msg is displayed as This is a required field.
lastNameError Msg is displayed successfully
Actual and Expected title is same
The lastNameError Msg is displayed as This is a required field.
emailError Msg is displayed successfully
Actual and Expected title is same
The emailError Msg is displayed as This is a required field.
passwordError Msg is displayed successfully
Actual and Expected title is same
The passwordError Msg is displayed as This is a required field.
conformPasswordError Msg is displayed successfully
Actual and Expected title is same
The conformPasswordError Msg is displayed as This is a required field.]]>
  </system-out>
  <testcase classname="com.telus.testcases.EndToEndTestFlow" name="customerLogin2" time="2.239"/>
  <system-out>
    <![CDATA[Create account link is clicked successfully
LastName is displayed successfully as Antony
SignUp button is displayeded successfully
SignUp button is enabled successfully
SignUp button is clicked
email is displayed successfully as krish503@gamil.com
email is displayed successfully as Antony@143
email is displayed successfully as Antony@143
CreteAccount button is not Selected successfully
CreteAccount button is enabled successfully
CreteAccount button is clicked
FirstNameError Msg is displayed successfully
Actual and Expected title is same
The FirstNameError Msg is displayed as This is a required field.]]>
  </system-out>
  <testcase classname="com.telus.testcases.EndToEndTestFlow" name="customerLogin3" time="2.210"/>
  <system-out>
    <![CDATA[Create account link is clicked successfully
FirstName is displayed successfully as vijay
SignUp button is displayeded successfully
SignUp button is enabled successfully
SignUp button is clicked
email is displayed successfully as krish503@gamil.com
email is displayed successfully as Antony@143
email is displayed successfully as Antony@143
CreteAccount button is not Selected successfully
CreteAccount button is enabled successfully
CreteAccount button is clicked
lastNameError Msg is displayed successfully
Actual and Expected title is same
The lastNameError Msg is displayed as This is a required field.]]>
  </system-out>
  <testcase classname="com.telus.testcases.EndToEndTestFlow" name="customerLogin4" time="2.529"/>
  <system-out>
    <![CDATA[Create account link is clicked successfully
FirstName is displayed successfully as vijay
LastName is displayed successfully as Antony
SignUp button is displayeded successfully
SignUp button is enabled successfully
SignUp button is clicked
email is displayed successfully as Antony@143
email is displayed successfully as Antony@143
CreteAccount button is not Selected successfully
CreteAccount button is enabled successfully
CreteAccount button is clicked
emailError Msg is displayed successfully
Actual and Expected title is same
The emailError Msg is displayed as This is a required field.]]>
  </system-out>
  <testcase classname="com.telus.testcases.EndToEndTestFlow" name="customerLogin5" time="2.648"/>
  <system-out>
    <![CDATA[Create account link is clicked successfully
FirstName is displayed successfully as vijay
LastName is displayed successfully as Antony
SignUp button is displayeded successfully
SignUp button is enabled successfully
SignUp button is clicked
email is displayed successfully as krish503@gamil.com
email is displayed successfully as Antony@143
CreteAccount button is not Selected successfully
CreteAccount button is enabled successfully
CreteAccount button is clicked
passwordError Msg is displayed successfully
Actual and Expected title is same
The passwordError Msg is displayed as This is a required field.]]>
  </system-out>
  <testcase classname="com.telus.testcases.EndToEndTestFlow" name="customerLogin6" time="2.953"/>
  <system-out>
    <![CDATA[Create account link is clicked successfully
FirstName is displayed successfully as vijay
LastName is displayed successfully as Antony
SignUp button is displayeded successfully
SignUp button is enabled successfully
SignUp button is clicked
email is displayed successfully as krish503@gamil.com
email is displayed successfully as Antony@143
CreteAccount button is not Selected successfully
CreteAccount button is enabled successfully
CreteAccount button is clicked
conformPasswordError Msg is displayed successfully
Actual and Expected title is same
The conformPasswordError Msg is displayed as This is a required field.]]>
  </system-out>
  <testcase classname="com.telus.testcases.EndToEndTestFlow" name="customerLogin" time="7.728"/>
  <system-out>
    <![CDATA[Create account link is clicked successfully
FirstName is displayed successfully as vijay
LastName is displayed successfully as Antony
SignUp button is displayeded successfully
SignUp button is enabled successfully
SignUp button is clicked
email is displayed successfully as krish503@gamil.com
email is displayed successfully as Antony@143
email is displayed successfully as Antony@143
CreteAccount button is not Selected successfully
CreteAccount button is enabled successfully
CreteAccount button is clicked]]>
  </system-out>
  <testcase classname="com.telus.testcases.EndToEndTestFlow" name="signOutOption" time="2.428"/>
  <system-out/>
  <testcase classname="com.telus.testcases.EndToEndTestFlow" name="signInFunctionality" time="2.194"/>
  <system-out>
    <![CDATA[SignIn button is not displayed successfully
SignIn button is enabled successfully
SignUp button is clicked
Customer Login
Title is displayed as :Customer Login
SignIn button is not Selected successfully
SignUp button is clicked
SignIn button is enabled successfully
emailError Msg is displayed successfully
Actual and Expected title is same
The emailError Msg is displayed as This is a required field.
passwordError Msg is displayed successfully
Actual and Expected title is same
The passwordError Msg is displayed as This is a required field.]]>
  </system-out>
  <testcase classname="com.telus.testcases.EndToEndTestFlow" name="signInFunctionality1" time="2.157"/>
  <system-out>
    <![CDATA[SignIn button is not displayed successfully
SignIn button is enabled successfully
SignUp button is clicked
Customer Login
Title is displayed as :Customer Login
password is displayed successfully as Antony@143
SignIn button is not Selected successfully
SignUp button is clicked
SignIn button is enabled successfully
emailError Msg is displayed successfully
Actual and Expected title is same
The emailError Msg is displayed as This is a required field.]]>
  </system-out>
  <testcase classname="com.telus.testcases.EndToEndTestFlow" name="signInFunctionality2" time="1.962"/>
  <system-out>
    <![CDATA[SignIn button is not displayed successfully
SignIn button is enabled successfully
SignUp button is clicked
Customer Login
Title is displayed as :Customer Login
email is displayed successfully as krish503@gamil.com
SignIn button is not Selected successfully
SignUp button is clicked
SignIn button is enabled successfully
passwordError Msg is displayed successfully
Actual and Expected title is same
The passwordError Msg is displayed as This is a required field.]]>
  </system-out>
  <testcase classname="com.telus.testcases.EndToEndTestFlow" name="signInFunctionality3" time="5.481"/>
  <system-out>
    <![CDATA[SignIn button is not displayed successfully
SignIn button is enabled successfully
SignUp button is clicked
Customer Login
Title is displayed as :Customer Login
email is displayed successfully as krish503@gamil.com
password is displayed successfully as Antony@143
SignIn button is not Selected successfully
SignUp button is clicked
SignIn button is enabled successfully]]>
  </system-out>
</testsuite> <!-- com.telus.testcases.EndToEndTestFlow -->
